============================= test session starts ==============================
platform linux -- Python 3.12.3, pytest-8.4.2, pluggy-1.6.0 -- /usr/bin/python3
cachedir: .pytest_cache
django: version: 4.2.25, settings: tests.settings (from ini)
rootdir: /mnt/c/Users/honoh/YenPoint/middleware/py-middleware
configfile: pytest.ini
plugins: django-4.11.1
collecting ... collected 118 items

tests/features/test_multipart_upload.py::TestMultipartFormDataSupport::test_bsv_authenticated_required_decorator PASSED [  0%]
tests/features/test_multipart_upload.py::TestMultipartFormDataSupport::test_bsv_file_upload_required_decorator PASSED [  1%]
tests/features/test_multipart_upload.py::TestMultipartFormDataSupport::test_get_multipart_data_parsing PASSED [  2%]
tests/features/test_multipart_upload.py::TestMultipartFormDataSupport::test_get_multipart_fields PASSED [  3%]
tests/features/test_multipart_upload.py::TestMultipartFormDataSupport::test_get_uploaded_files PASSED [  4%]
tests/features/test_multipart_upload.py::TestMultipartFormDataSupport::test_handle_file_upload_decorator PASSED [  5%]
tests/features/test_multipart_upload.py::TestMultipartFormDataSupport::test_is_multipart_request_detection PASSED [  5%]
tests/features/test_multipart_upload.py::TestMultipartFormDataSupport::test_non_multipart_request_handling PASSED [  6%]
tests/features/test_multipart_upload.py::TestBSVTransportMultipartIntegration::test_bsv_protocol_body_preservation PASSED [  7%]
tests/features/test_multipart_upload.py::TestBSVTransportMultipartIntegration::test_empty_body_handling PASSED [  8%]
tests/features/test_multipart_upload.py::TestMultipartErrorHandling::test_decorator_with_invalid_multipart PASSED [  9%]
tests/features/test_multipart_upload.py::TestMultipartErrorHandling::test_malformed_multipart_handling PASSED [ 10%]
tests/features/test_text_plain_support.py::TestTextPlainSupport::test_empty_text_content PASSED [ 11%]
tests/features/test_text_plain_support.py::TestTextPlainSupport::test_express_compatibility_text_processing PASSED [ 11%]
tests/features/test_text_plain_support.py::TestTextPlainSupport::test_get_content_by_type_comparison_with_other_types PASSED [ 12%]
tests/features/test_text_plain_support.py::TestTextPlainSupport::test_get_content_by_type_text_plain PASSED [ 13%]
tests/features/test_text_plain_support.py::TestTextPlainSupport::test_get_text_content_ascii PASSED [ 14%]
tests/features/test_text_plain_support.py::TestTextPlainSupport::test_get_text_content_encoding_error PASSED [ 15%]
tests/features/test_text_plain_support.py::TestTextPlainSupport::test_get_text_content_multiline PASSED [ 16%]
tests/features/test_text_plain_support.py::TestTextPlainSupport::test_get_text_content_non_text_request PASSED [ 16%]
tests/features/test_text_plain_support.py::TestTextPlainSupport::test_get_text_content_utf8 PASSED [ 17%]
tests/features/test_text_plain_support.py::TestTextPlainSupport::test_is_text_plain_request_detection PASSED [ 18%]
tests/features/test_text_plain_support.py::TestTextPlainSupport::test_logging_for_text_plain PASSED [ 19%]
tests/features/test_text_plain_support.py::TestExpressCompatibilityTextPlain::test_text_plain_matches_express_writeBodyToWriter PASSED [ 20%]
tests/integration/test_middleware_auth.py::TestMiddlewareAuthentication::test_01_post_json_authenticated PASSED [ 21%]
tests/integration/test_middleware_auth.py::TestMiddlewareAuthentication::test_02_post_url_encoded PASSED [ 22%]
tests/integration/test_middleware_auth.py::TestMiddlewareAuthentication::test_03_post_plain_text PASSED [ 22%]
tests/integration/test_middleware_auth.py::TestMiddlewareAuthentication::test_04_post_binary_data PASSED [ 23%]
tests/integration/test_middleware_auth.py::TestMiddlewareAuthentication::test_05_get_request PASSED [ 24%]
tests/integration/test_middleware_auth.py::TestMiddlewareAuthentication::test_06_put_request PASSED [ 25%]
tests/integration/test_middleware_auth.py::TestMiddlewareAuthentication::test_07_delete_request PASSED [ 26%]
tests/integration/test_middleware_auth.py::TestMiddlewareAuthentication::test_08_query_parameters PASSED [ 27%]
tests/integration/test_middleware_auth.py::TestMiddlewareAuthentication::test_09_custom_headers PASSED [ 27%]
tests/integration/test_middleware_auth.py::TestMiddlewareAuthentication::test_10_edge_cases PASSED [ 28%]
tests/integration/test_middleware_auth_missing.py::TestMissingHighPriority::test_options_request_basic PASSED [ 29%]
tests/integration/test_middleware_auth_missing.py::TestMissingHighPriority::test_options_request_with_path PASSED [ 30%]
tests/integration/test_middleware_auth_missing.py::TestMissingHighPriority::test_options_request_with_query_params PASSED [ 31%]
tests/integration/test_middleware_auth_missing.py::TestMissingHighPriority::test_options_request_with_path_and_query PASSED [ 32%]
tests/integration/test_middleware_auth_missing.py::TestMissingHighPriority::test_subsequent_requests_same_client PASSED [ 33%]
tests/integration/test_middleware_auth_missing.py::TestMissingHighPriority::test_multiple_sequential_requests PASSED [ 33%]
tests/integration/test_middleware_auth_missing.py::TestMissingHighPriority::test_multiple_clients_same_user PASSED [ 34%]
tests/integration/test_middleware_auth_missing.py::TestMissingHighPriority::test_different_clients_different_users PASSED [ 35%]
tests/integration/test_middleware_auth_missing.py::TestMissingHighPriority::test_unauthenticated_request_disallowed PASSED [ 36%]
tests/integration/test_middleware_auth_missing.py::TestMissingHighPriority::test_unauthenticated_request_allowed PASSED [ 37%]
tests/integration/test_middleware_auth_missing.py::TestMissingHighPriority::test_unauthenticated_request_policy_configuration PASSED [ 38%]
tests/test_basic.py::TestBSVMiddleware::test_auth_info_creation PASSED   [ 38%]
tests/test_basic.py::TestBSVMiddleware::test_extract_bsv_headers PASSED  [ 39%]
tests/test_basic.py::TestBSVMiddleware::test_get_identity_key_authenticated PASSED [ 40%]
tests/test_basic.py::TestBSVMiddleware::test_get_identity_key_unknown PASSED [ 41%]
tests/test_basic.py::TestBSVMiddleware::test_import_middleware PASSED    [ 42%]
tests/test_basic.py::TestBSVMiddleware::test_is_authenticated_request_false PASSED [ 43%]
tests/test_basic.py::TestBSVMiddleware::test_is_authenticated_request_true PASSED [ 44%]
tests/test_basic.py::TestBSVMiddleware::test_log_level_enum PASSED       [ 44%]
tests/test_basic.py::TestBSVMiddleware::test_payment_info_creation PASSED [ 45%]
tests/test_basic.py::TestBSVMiddleware::test_py_sdk_bridge_creation PASSED [ 46%]
tests/test_basic.py::TestBSVMiddleware::test_py_sdk_bridge_nonce_creation PASSED [ 47%]
tests/test_basic.py::TestBSVMiddleware::test_py_sdk_bridge_nonce_verification PASSED [ 48%]
tests/test_basic.py::TestBSVMiddlewareIntegration::test_middleware_allows_unauthenticated PASSED [ 49%]
tests/test_basic.py::TestBSVMiddlewareIntegration::test_payment_middleware_zero_price PASSED [ 50%]
tests/test_basic.py::TestBSVMiddlewarePytest::test_middleware_basic_functionality PASSED [ 50%]
tests/test_basic.py::TestBSVMiddlewarePytest::test_py_sdk_bridge_with_mock_wallet PASSED [ 51%]
tests/test_missing_features.py::TestCertificateExpanded::test_certificate_request_with_specific_types PASSED [ 52%]
tests/test_missing_features.py::TestCertificateExpanded::test_certificate_field_requests PASSED [ 53%]
tests/test_missing_features.py::TestCertificateExpanded::test_certificate_protected_endpoint_access SKIPPED [ 54%]
tests/test_missing_features.py::TestServerRestartPersistence::test_session_persistence_across_restart_simulation PASSED [ 55%]
tests/test_missing_features.py::TestIdentityContextExpanded::test_get_identity_missing PASSED [ 55%]
tests/test_missing_features.py::TestIdentityContextExpanded::test_get_identity_unknown PASSED [ 56%]
tests/test_missing_features.py::TestIdentityContextExpanded::test_get_identity_authenticated PASSED [ 57%]
tests/test_missing_features.py::TestIdentityContextExpanded::test_get_authenticated_identity_missing PASSED [ 58%]
tests/test_missing_features.py::TestIdentityContextExpanded::test_get_authenticated_identity_unknown PASSED [ 59%]
tests/test_missing_features.py::TestIdentityContextExpanded::test_get_authenticated_identity_authenticated PASSED [ 60%]
tests/test_missing_features.py::TestIdentityContextExpanded::test_is_not_authenticated_missing PASSED [ 61%]
tests/test_missing_features.py::TestIdentityContextExpanded::test_is_not_authenticated_unknown PASSED [ 61%]
tests/test_missing_features.py::TestIdentityContextExpanded::test_is_authenticated_true PASSED [ 62%]
tests/test_missing_features.py::TestIdentityContextExpanded::test_identity_key_format_validation PASSED [ 63%]
tests/test_missing_features.py::TestIdentityContextExpanded::test_identity_extraction_from_headers PASSED [ 64%]
tests/test_missing_features.py::TestIdentityContextExpanded::test_identity_persistence_across_middleware PASSED [ 65%]
tests/test_missing_features.py::TestContentTypeVariations::test_json_with_charset_injection PASSED [ 66%]
tests/test_missing_features.py::TestContentTypeVariations::test_large_binary_upload PASSED [ 66%]
tests/test_missing_features.py::TestContentTypeVariations::test_post_without_body PASSED [ 67%]
tests/test_missing_features.py::TestHTTPMethodVariations::test_get_on_specific_path PASSED [ 68%]
tests/test_missing_features.py::TestHTTPMethodVariations::test_request_id_tracking PASSED [ 69%]
tests/test_missing_features.py::TestPaymentMiddlewareConfiguration::test_payment_middleware_requires_auth_middleware PASSED [ 70%]
tests/testnet/test_auth_flow_testnet.py::TestTestnetAuthFlow::test_04_auth_endpoint_wellknown SKIPPED [ 71%]
tests/integration/test_middleware_auth.py::TestMiddlewareAuthentication::test_11_summary PASSED [ 72%]
tests/test_code_review_fixes.py::TestIssue5RuntimeCheckable::test_runtime_checkable_decorator_in_source PASSED [ 72%]
tests/test_code_review_fixes.py::TestIssue5RuntimeCheckable::test_is_wallet_interface_uses_isinstance PASSED [ 73%]
tests/test_code_review_fixes.py::TestIssue5RuntimeCheckable::test_is_wallet_interface_functionality PASSED [ 74%]
tests/test_code_review_fixes.py::TestIssue6CamelCaseAdapterRemoved::test_camelcase_adapter_not_exported PASSED [ 75%]
tests/test_code_review_fixes.py::TestIssue6CamelCaseAdapterRemoved::test_camelcase_adapter_not_importable PASSED [ 76%]
tests/test_code_review_fixes.py::TestIssue2RedundantAssignmentRemoved::test_peer_initialization_auto_persist_default PASSED [ 77%]
tests/test_code_review_fixes.py::TestIssue3TransportReady::test_transport_ready_flag_exists PASSED [ 77%]
tests/test_code_review_fixes.py::TestIssue3TransportReady::test_transport_ready_false_on_error PASSED [ 78%]
tests/test_code_review_fixes.py::TestIssue4ExceptionDocumentation::test_get_public_key_has_exception_docs PASSED [ 79%]
tests/test_code_review_fixes.py::TestIssue4ExceptionDocumentation::test_create_action_has_exception_docs PASSED [ 80%]
tests/test_code_review_fixes.py::test_code_review_fixes_summary PASSED   [ 81%]
tests/test_real_bsv_auth.py::test_real_bsv_signature_verification PASSED [ 82%]
tests/test_real_bsv_auth.py::test_real_bsv_auth_flow PASSED              [ 83%]
tests/test_real_bsv_auth.py::test_real_bsv_certificate_creation PASSED   [ 83%]
tests/testnet/test_auth_flow_testnet.py::TestTestnetAuthFlow::test_01_wallet_initialization PASSED [ 84%]
tests/testnet/test_auth_flow_testnet.py::TestTestnetAuthFlow::test_02_transport_creation PASSED [ 85%]
tests/testnet/test_auth_flow_testnet.py::TestTestnetAuthFlow::test_03_peer_initialization PASSED [ 86%]
tests/testnet/test_auth_flow_testnet.py::TestTestnetAuthFlow::test_05_balance_check SKIPPED [ 87%]
tests/testnet/test_auth_flow_testnet.py::TestTestnetAuthFlow::test_06_whatsonchain_api PASSED [ 88%]
tests/testnet/test_auth_flow_testnet.py::TestTestnetAuthFlow::test_07_summary PASSED [ 88%]
tests/testnet/test_live_server_integration_testnet.py::TestLiveServerIntegration::test_01_server_health_check SKIPPED [ 89%]
tests/testnet/test_live_server_integration_testnet.py::TestLiveServerIntegration::test_02_free_endpoint_access SKIPPED [ 90%]
tests/testnet/test_live_server_integration_testnet.py::TestLiveServerIntegration::test_03_payment_required_response SKIPPED [ 91%]
tests/testnet/test_live_server_integration_testnet.py::TestLiveServerIntegration::test_04_payment_transaction_and_access SKIPPED [ 92%]
tests/testnet/test_live_server_integration_testnet.py::TestLiveServerIntegration::test_05_summary SKIPPED [ 93%]
tests/testnet/test_payment_flow_testnet.py::TestTestnetPaymentFlow::test_01_wallet_balance SKIPPED [ 94%]
tests/testnet/test_payment_flow_testnet.py::TestTestnetPaymentFlow::test_02_payment_middleware_initialization SKIPPED [ 94%]
tests/testnet/test_payment_flow_testnet.py::TestTestnetPaymentFlow::test_03_payment_required_response SKIPPED [ 95%]
tests/testnet/test_payment_flow_testnet.py::TestTestnetPaymentFlow::test_04_transaction_creation SKIPPED [ 96%]
tests/testnet/test_payment_flow_testnet.py::TestTestnetPaymentFlow::test_04a_actual_transaction_send SKIPPED [ 97%]
tests/testnet/test_payment_flow_testnet.py::TestTestnetPaymentFlow::test_05_arc_broadcaster_endpoint SKIPPED [ 98%]
tests/testnet/test_payment_flow_testnet.py::TestTestnetPaymentFlow::test_06_whatsonchain_broadcast_check SKIPPED [ 99%]
tests/testnet/test_payment_flow_testnet.py::TestTestnetPaymentFlow::test_07_payment_flow_summary SKIPPED [100%]

================= 102 passed, 16 skipped, 2 warnings in 7.98s ==================
